#
# There is insufficient memory for the Java Runtime Environment to continue.
# Native memory allocation (malloc) failed to allocate 1048576 bytes for AllocateHeap
# Possible reasons:
#   The system is out of physical RAM or swap space
#   In 32 bit mode, the process size limit was hit
# Possible solutions:
#   Reduce memory load on the system
#   Increase physical memory or swap space
#   Check if swap backing store is full
#   Use 64 bit Java on a 64 bit OS
#   Decrease Java heap size (-Xmx/-Xms)
#   Decrease number of Java threads
#   Decrease Java thread stack sizes (-Xss)
#   Set larger code cache with -XX:ReservedCodeCacheSize=
# This output file may be truncated or incomplete.
#
#  Out of Memory Error (memory/allocation.inline.hpp:60), pid=13768, tid=10556
#
# JRE version: 7.0_25-b17
# Java VM: Java HotSpot(TM) 64-Bit Server VM (23.25-b01 mixed mode windows-amd64 compressed oops)
# Failed to write core dump. Minidumps are not enabled by default on client versions of Windows
#

---------------  T H R E A D  ---------------

Current thread (0x00000000027bd800):  JavaThread "Unknown thread" [_thread_in_vm, id=10556, stack(0x0000000000e10000,0x0000000000f10000)]

Stack: [0x0000000000e10000,0x0000000000f10000]

---------------  P R O C E S S  ---------------

Java Threads: ( => current thread )

Other Threads:

=>0x00000000027bd800 (exited) JavaThread "Unknown thread" [_thread_in_vm, id=10556, stack(0x0000000000e10000,0x0000000000f10000)]

VM state:not at safepoint (normal execution)

VM Mutex/Monitor currently owned by a thread: None

Heap
 PSYoungGen      total 18560K, used 318K [0x00000000eb4b0000, 0x00000000ec960000, 0x0000000100000000)
  eden space 15936K, 2% used [0x00000000eb4b0000,0x00000000eb4ffb50,0x00000000ec440000)
  from space 2624K, 0% used [0x00000000ec6d0000,0x00000000ec6d0000,0x00000000ec960000)
  to   space 2624K, 0% used [0x00000000ec440000,0x00000000ec440000,0x00000000ec6d0000)
 ParOldGen       total 42432K, used 0K [0x00000000c1e00000, 0x00000000c4770000, 0x00000000eb4b0000)
  object space 42432K, 0% used [0x00000000c1e00000,0x00000000c1e00000,0x00000000c4770000)
 PSPermGen       total 21248K, used 692K [0x00000000bcc00000, 0x00000000be0c0000, 0x00000000c1e00000)
  object space 21248K, 3% used [0x00000000bcc00000,0x00000000bccad0d8,0x00000000be0c0000)

Card table byte_map: [0x0000000005880000,0x0000000005aa0000] byte_map_base: 0x000000000529a000

Polling page: 0x0000000000db0000

Code Cache  [0x00000000027c0000, 0x0000000002a30000, 0x00000000057c0000)
 total_blobs=39 nmethods=0 adapters=20 free_code_cache=48889Kb largest_free_block=50062848

Compilation events (0 events):
No events

GC Heap History (0 events):
No events

Deoptimization events (0 events):
No events

Internal exceptions (0 events):
No events

Events (10 events):
Event: 0.053 loading class 0x00000000026746f0
Event: 0.053 loading class 0x00000000026746f0 done
Event: 0.053 loading class 0x00000000026743f0
Event: 0.053 loading class 0x00000000026743f0 done
Event: 0.053 loading class 0x0000000002674750
Event: 0.053 loading class 0x0000000002674750 done
Event: 0.053 loading class 0x00000000026a8e30
Event: 0.053 loading class 0x00000000026a8e30 done
Event: 0.053 loading class 0x00000000026a9730
Event: 0.053 loading class 0x00000000026a9730 done


Dynamic libraries:
0x00007ff6e8500000 - 0x00007ff6e8533000 	C:\Program Files\Java\jre7\bin\javaw.exe
0x00007ff91b410000 - 0x00007ff91b5b9000 	C:\Windows\SYSTEM32\ntdll.dll
0x00007ff91b210000 - 0x00007ff91b349000 	C:\Windows\system32\KERNEL32.DLL
0x00007ff9189b0000 - 0x00007ff918abf000 	C:\Windows\system32\KERNELBASE.dll
0x00007ff9172c0000 - 0x00007ff91734b000 	C:\Windows\system32\apphelp.dll
0x00007ff907cf0000 - 0x00007ff907d3f000 	C:\Windows\AppPatch\AppPatch64\AcGenral.DLL
0x00007ff9192e0000 - 0x00007ff919387000 	C:\Windows\system32\msvcrt.dll
0x00007ff918540000 - 0x00007ff91856b000 	C:\Windows\SYSTEM32\SspiCli.dll
0x00007ff919100000 - 0x00007ff919151000 	C:\Windows\system32\SHLWAPI.dll
0x00007ff918f80000 - 0x00007ff9190f1000 	C:\Windows\system32\USER32.dll
0x00007ff919ae0000 - 0x00007ff919c56000 	C:\Windows\system32\ole32.dll
0x00007ff919dc0000 - 0x00007ff91b1d0000 	C:\Windows\system32\SHELL32.dll
0x00007ff917d70000 - 0x00007ff917d8f000 	C:\Windows\SYSTEM32\USERENV.dll
0x00007ff91b350000 - 0x00007ff91b3f5000 	C:\Windows\system32\ADVAPI32.dll
0x00007ff910520000 - 0x00007ff91053b000 	C:\Windows\SYSTEM32\MPR.dll
0x00007ff918de0000 - 0x00007ff918f16000 	C:\Windows\system32\RPCRT4.dll
0x00007ff918f20000 - 0x00007ff918f77000 	C:\Windows\SYSTEM32\sechost.dll
0x00007ff919570000 - 0x00007ff919747000 	C:\Windows\SYSTEM32\combase.dll
0x00007ff919c60000 - 0x00007ff919da5000 	C:\Windows\system32\GDI32.dll
0x00007ff918790000 - 0x00007ff9187a4000 	C:\Windows\SYSTEM32\profapi.dll
0x00007ff917350000 - 0x00007ff9173f1000 	C:\Windows\SYSTEM32\SHCORE.dll
0x00007ff91b1d0000 - 0x00007ff91b204000 	C:\Windows\system32\IMM32.DLL
0x00007ff918ca0000 - 0x00007ff918dd8000 	C:\Windows\system32\MSCTF.dll
0x00007ff918750000 - 0x00007ff91877f000 	C:\Windows\system32\nvinitx.dll
0x000000000f000000 - 0x000000000f006000 	C:\Program Files\NVIDIA Corporation\CoProcManager\detoured.dll
0x00007ff916dd0000 - 0x00007ff916e2f000 	C:\Program Files\NVIDIA Corporation\CoProcManager\nvd3d9wrapx.dll
0x00007ff919390000 - 0x00007ff919566000 	C:\Windows\system32\SETUPAPI.dll
0x00007ff918960000 - 0x00007ff9189aa000 	C:\Windows\system32\CFGMGR32.dll
0x00007ff916d30000 - 0x00007ff916d76000 	C:\Program Files\NVIDIA Corporation\CoProcManager\nvdxgiwrapx.dll
0x00007ff9169b0000 - 0x00007ff916c0a000 	C:\Windows\WinSxS\amd64_microsoft.windows.common-controls_6595b64144ccf1df_6.0.9600.16384_none_62475f7becb72503\COMCTL32.dll
0x0000000053b60000 - 0x0000000053c31000 	C:\Program Files\Java\jre7\bin\msvcr100.dll
0x0000000053360000 - 0x0000000053a6f000 	C:\Program Files\Java\jre7\bin\server\jvm.dll
0x00007ff904280000 - 0x00007ff904289000 	C:\Windows\SYSTEM32\WSOCK32.dll
0x00007ff916c10000 - 0x00007ff916c2f000 	C:\Windows\SYSTEM32\WINMM.dll
0x00007ff9192d0000 - 0x00007ff9192d7000 	C:\Windows\system32\PSAPI.DLL
0x00007ff919810000 - 0x00007ff919868000 	C:\Windows\system32\WS2_32.dll
0x00007ff916790000 - 0x00007ff9167ba000 	C:\Windows\SYSTEM32\WINMMBASE.dll
0x00007ff919db0000 - 0x00007ff919db9000 	C:\Windows\system32\NSI.dll
0x00007ff9175f0000 - 0x00007ff917616000 	C:\Windows\SYSTEM32\DEVOBJ.dll
0x0000000053e50000 - 0x0000000053e5f000 	C:\Program Files\Java\jre7\bin\verify.dll
0x0000000053b30000 - 0x0000000053b58000 	C:\Program Files\Java\jre7\bin\java.dll
0x0000000053b10000 - 0x0000000053b25000 	C:\Program Files\Java\jre7\bin\zip.dll

VM Arguments:
jvm_args: -Dfile.encoding=Cp1252 
java_command: core.JCCHandler
Launcher Type: SUN_STANDARD

Environment Variables:
PATH=C:\Windows\system32;C:\Windows;C:\Windows\System32\Wbem;C:\Windows\System32\WindowsPowerShell\v1.0\;C:\Program Files\Java\jdk1.7.0_25\bin\;C:\Program Files (x86)\Intel\OpenCL SDK\2.0\bin\x86;C:\Program Files (x86)\Intel\OpenCL SDK\2.0\bin\x64;C:\Program Files (x86)\Microsoft SQL Server\110\Tools\Binn\;C:\Program Files\Microsoft SQL Server\110\Tools\Binn\;C:\Program Files\Microsoft SQL Server\110\DTS\Binn\;C:\Program Files (x86)\Windows Kits\8.1\Windows Performance Toolkit\;G:\MATLAB\R2013b\runtime\win64;G:\MATLAB\R2013b\bin;G:\MATLAB\R2013b\polyspace\bin
USERNAME=Fabio Ngo
OS=Windows_NT
PROCESSOR_IDENTIFIER=Intel64 Family 6 Model 58 Stepping 9, GenuineIntel



---------------  S Y S T E M  ---------------

OS: Windows 8 , 64 bit Build 9200 

CPU:total 4 (2 cores per cpu, 2 threads per core) family 6 model 58 stepping 9, cmov, cx8, fxsr, mmx, sse, sse2, sse3, ssse3, sse4.1, sse4.2, popcnt, avx, ht, tsc, tscinvbit, tscinv

Memory: 4k page, physical 4069000k(1348608k free), swap 16651912k(2668k free)

vm_info: Java HotSpot(TM) 64-Bit Server VM (23.25-b01) for windows-amd64 JRE (1.7.0_25-b17), built on Jun 21 2013 12:58:32 by "java_re" with unknown MS VC++:1600

time: Thu Apr 10 03:31:13 2014
elapsed time: 0 seconds

